Build started 03.12.2012 13:08:13.
     1>Project "C:\Users\Борис\Documents\Visual Studio 2012\Projects\Number2\Number2\Number2.vcxproj" on node 2 (Build target(s)).
     1>ClCompile:
         C:\Program Files (x86)\Microsoft Visual Studio 11.0\VC\bin\CL.exe /c /ZI /nologo /W3 /WX- /Od /Oy- /D _MBCS /Gm /EHsc /RTC1 /MDd /GS /fp:precise /Zc:wchar_t /Zc:forScope /Fo"Debug\\" /Fd"Debug\vc110.pdb" /Gd /TP /analyze- /errorReport:prompt main.cpp
         main.cpp
     1>c:\users\борис\documents\visual studio 2012\projects\number2\number2\main.cpp(49): warning C4996: 'scanf': This function or variable may be unsafe. Consider using scanf_s instead. To disable deprecation, use _CRT_SECURE_NO_WARNINGS. See online help for details.
                 c:\program files (x86)\microsoft visual studio 11.0\vc\include\stdio.h(290) : see declaration of 'scanf'
     1>c:\users\борис\documents\visual studio 2012\projects\number2\number2\main.cpp(54): error C2065: 'n' : undeclared identifier
     1>Done Building Project "C:\Users\Борис\Documents\Visual Studio 2012\Projects\Number2\Number2\Number2.vcxproj" (Build target(s)) -- FAILED.

Build FAILED.

Time Elapsed 00:00:01.13
